{"C:\\Users\\moise\\Desktop\\clean-node-api\\src\\presentation\\helpers\\http-response.js": {"path":"C:\\Users\\moise\\Desktop\\clean-node-api\\src\\presentation\\helpers\\http-response.js","all":false,"statementMap":{"0":{"start":{"line":1,"column":0},"end":{"line":1,"column":58}},"1":{"start":{"line":2,"column":0},"end":{"line":2,"column":37}},"2":{"start":{"line":3,"column":0},"end":{"line":3,"column":33}},"3":{"start":{"line":4,"column":0},"end":{"line":4,"column":12}},"4":{"start":{"line":5,"column":0},"end":{"line":5,"column":22}},"5":{"start":{"line":6,"column":0},"end":{"line":6,"column":44}},"6":{"start":{"line":7,"column":0},"end":{"line":7,"column":5}},"7":{"start":{"line":8,"column":0},"end":{"line":8,"column":3}},"8":{"start":{"line":9,"column":0},"end":{"line":9,"column":0}},"9":{"start":{"line":10,"column":0},"end":{"line":10,"column":34}},"10":{"start":{"line":11,"column":0},"end":{"line":11,"column":12}},"11":{"start":{"line":12,"column":0},"end":{"line":12,"column":22}},"12":{"start":{"line":13,"column":0},"end":{"line":13,"column":44}},"13":{"start":{"line":14,"column":0},"end":{"line":14,"column":5}},"14":{"start":{"line":15,"column":0},"end":{"line":15,"column":3}},"15":{"start":{"line":16,"column":0},"end":{"line":16,"column":1}}},"s":{"0":1,"1":1,"2":1,"3":2,"4":2,"5":2,"6":2,"7":2,"8":1,"9":1,"10":2,"11":2,"12":2,"13":2,"14":2,"15":1},"branchMap":{"0":{"type":"branch","line":3,"loc":{"start":{"line":3,"column":9},"end":{"line":8,"column":3}},"locations":[{"start":{"line":3,"column":9},"end":{"line":8,"column":3}}]},"1":{"type":"branch","line":10,"loc":{"start":{"line":10,"column":9},"end":{"line":15,"column":3}},"locations":[{"start":{"line":10,"column":9},"end":{"line":15,"column":3}}]}},"b":{"0":[2],"1":[2]},"fnMap":{"0":{"name":"badRequest","decl":{"start":{"line":3,"column":9},"end":{"line":8,"column":3}},"loc":{"start":{"line":3,"column":9},"end":{"line":8,"column":3}},"line":3},"1":{"name":"serverError","decl":{"start":{"line":10,"column":9},"end":{"line":15,"column":3}},"loc":{"start":{"line":10,"column":9},"end":{"line":15,"column":3}},"line":10}},"f":{"0":2,"1":2}}
,"C:\\Users\\moise\\Desktop\\clean-node-api\\src\\presentation\\helpers\\missing-param-error.js": {"path":"C:\\Users\\moise\\Desktop\\clean-node-api\\src\\presentation\\helpers\\missing-param-error.js","all":false,"statementMap":{"0":{"start":{"line":1,"column":0},"end":{"line":1,"column":56}},"1":{"start":{"line":2,"column":0},"end":{"line":2,"column":27}},"2":{"start":{"line":3,"column":0},"end":{"line":3,"column":40}},"3":{"start":{"line":4,"column":0},"end":{"line":4,"column":35}},"4":{"start":{"line":5,"column":0},"end":{"line":5,"column":3}},"5":{"start":{"line":6,"column":0},"end":{"line":6,"column":1}}},"s":{"0":1,"1":1,"2":6,"3":6,"4":6,"5":1},"branchMap":{"0":{"type":"branch","line":2,"loc":{"start":{"line":2,"column":2},"end":{"line":5,"column":3}},"locations":[{"start":{"line":2,"column":2},"end":{"line":5,"column":3}}]}},"b":{"0":[6]},"fnMap":{"0":{"name":"MissingParamError","decl":{"start":{"line":2,"column":2},"end":{"line":5,"column":3}},"loc":{"start":{"line":2,"column":2},"end":{"line":5,"column":3}},"line":2}},"f":{"0":6}}
,"C:\\Users\\moise\\Desktop\\clean-node-api\\src\\presentation\\routers\\login-router.js": {"path":"C:\\Users\\moise\\Desktop\\clean-node-api\\src\\presentation\\routers\\login-router.js","all":false,"statementMap":{"0":{"start":{"line":1,"column":0},"end":{"line":1,"column":56}},"1":{"start":{"line":2,"column":0},"end":{"line":2,"column":36}},"2":{"start":{"line":3,"column":0},"end":{"line":3,"column":23}},"3":{"start":{"line":4,"column":0},"end":{"line":4,"column":76}},"4":{"start":{"line":5,"column":0},"end":{"line":5,"column":48}},"5":{"start":{"line":6,"column":0},"end":{"line":6,"column":17}},"6":{"start":{"line":7,"column":0},"end":{"line":7,"column":45}},"7":{"start":{"line":8,"column":0},"end":{"line":8,"column":5}},"8":{"start":{"line":9,"column":0},"end":{"line":9,"column":20}},"9":{"start":{"line":10,"column":0},"end":{"line":10,"column":48}},"10":{"start":{"line":11,"column":0},"end":{"line":11,"column":5}},"11":{"start":{"line":12,"column":0},"end":{"line":12,"column":3}},"12":{"start":{"line":13,"column":0},"end":{"line":13,"column":1}}},"s":{"0":1,"1":1,"2":1,"3":4,"4":2,"5":4,"6":1,"7":1,"8":1,"9":1,"10":1,"11":4,"12":1},"branchMap":{"0":{"type":"branch","line":3,"loc":{"start":{"line":3,"column":2},"end":{"line":12,"column":3}},"locations":[{"start":{"line":3,"column":2},"end":{"line":12,"column":3}}]},"1":{"type":"branch","line":4,"loc":{"start":{"line":4,"column":20},"end":{"line":4,"column":41}},"locations":[{"start":{"line":4,"column":20},"end":{"line":4,"column":41}}]},"2":{"type":"branch","line":4,"loc":{"start":{"line":4,"column":43},"end":{"line":6,"column":16}},"locations":[{"start":{"line":4,"column":43},"end":{"line":6,"column":16}}]},"3":{"type":"branch","line":6,"loc":{"start":{"line":6,"column":16},"end":{"line":11,"column":5}},"locations":[{"start":{"line":6,"column":16},"end":{"line":11,"column":5}}]}},"b":{"0":[4],"1":[3],"2":[2],"3":[1]},"fnMap":{"0":{"name":"route","decl":{"start":{"line":3,"column":2},"end":{"line":12,"column":3}},"loc":{"start":{"line":3,"column":2},"end":{"line":12,"column":3}},"line":3}},"f":{"0":4}}
}
