TN:
SF:src\presentation\helpers\http-response.js
FN:5,badRequest
FN:12,serverError
FN:19,unauthorizedError
FN:26,ok
FNF:4
FNH:4
FNDA:3,badRequest
FNDA:8,serverError
FNDA:1,unauthorizedError
FNDA:2,ok
DA:1,1
DA:2,1
DA:3,1
DA:4,1
DA:5,1
DA:6,3
DA:7,3
DA:8,3
DA:9,3
DA:10,3
DA:11,1
DA:12,1
DA:13,8
DA:14,8
DA:15,8
DA:16,8
DA:17,8
DA:18,1
DA:19,1
DA:20,1
DA:21,1
DA:22,1
DA:23,1
DA:24,1
DA:25,1
DA:26,1
DA:27,2
DA:28,2
DA:29,2
DA:30,2
DA:31,2
DA:32,1
LF:32
LH:32
BRDA:5,0,0,3
BRDA:12,1,0,8
BRDA:19,2,0,1
BRDA:26,3,0,2
BRF:4
BRH:4
end_of_record
TN:
SF:src\presentation\helpers\invalid-param-error.js
FN:2,InvalidParamError
FNF:1
FNH:1
FNDA:6,InvalidParamError
DA:1,1
DA:2,1
DA:3,6
DA:4,6
DA:5,6
DA:6,1
LF:6
LH:6
BRDA:2,0,0,6
BRF:1
BRH:1
end_of_record
TN:
SF:src\presentation\helpers\server-error.js
FN:2,ServerError
FNF:1
FNH:1
FNDA:16,ServerError
DA:1,1
DA:2,1
DA:3,16
DA:4,16
DA:5,16
DA:6,1
LF:6
LH:6
BRDA:2,0,0,16
BRF:1
BRH:1
end_of_record
TN:
SF:src\presentation\helpers\unauthorized-error.js
FN:2,UnauthorizedError
FNF:1
FNH:1
FNDA:2,UnauthorizedError
DA:1,1
DA:2,1
DA:3,2
DA:4,2
DA:5,2
DA:6,1
LF:6
LH:6
BRDA:2,0,0,2
BRF:1
BRH:1
end_of_record
TN:
SF:src\presentation\routers\login-router.js
FN:5,LoginRouter
FN:10,route
FNF:2
FNH:2
FNDA:14,LoginRouter
FNDA:14,route
DA:1,1
DA:2,1
DA:3,1
DA:4,1
DA:5,1
DA:6,14
DA:7,14
DA:8,14
DA:9,1
DA:10,1
DA:11,14
DA:12,14
DA:13,14
DA:14,1
DA:15,1
DA:16,14
DA:17,1
DA:18,1
DA:19,14
DA:20,1
DA:21,1
DA:22,3
DA:23,14
DA:24,1
DA:25,1
DA:26,2
DA:27,14
DA:28,8
DA:29,8
DA:30,14
DA:31,1
LF:31
LH:31
BRDA:5,0,0,14
BRDA:10,1,0,14
BRDA:13,2,0,1
BRDA:15,3,0,11
BRDA:16,4,0,1
BRDA:18,5,0,4
BRDA:19,6,0,1
BRDA:21,7,0,3
BRDA:23,8,0,1
BRDA:25,9,0,2
BRDA:27,10,0,8
BRF:11
BRH:11
end_of_record
