TN:
SF:src\presentation\helpers\http-response.js
FN:3,badRequest
FN:10,serverError
FNF:2
FNH:2
FNDA:2,badRequest
FNDA:2,serverError
DA:1,1
DA:2,1
DA:3,1
DA:4,2
DA:5,2
DA:6,2
DA:7,2
DA:8,2
DA:9,1
DA:10,1
DA:11,2
DA:12,2
DA:13,2
DA:14,2
DA:15,2
DA:16,1
LF:16
LH:16
BRDA:3,0,0,2
BRDA:10,1,0,2
BRF:2
BRH:2
end_of_record
TN:
SF:src\presentation\helpers\missing-param-error.js
FN:2,MissingParamError
FNF:1
FNH:1
FNDA:6,MissingParamError
DA:1,1
DA:2,1
DA:3,6
DA:4,6
DA:5,6
DA:6,1
LF:6
LH:6
BRDA:2,0,0,6
BRF:1
BRH:1
end_of_record
TN:
SF:src\presentation\routers\login-router.js
FN:3,LoginRouter
FN:7,route
FNF:2
FNH:2
FNDA:6,LoginRouter
FNDA:6,route
DA:1,1
DA:2,1
DA:3,1
DA:4,6
DA:5,6
DA:6,1
DA:7,1
DA:8,6
DA:9,4
DA:10,6
DA:11,1
DA:12,1
DA:13,6
DA:14,1
DA:15,1
DA:16,2
DA:17,2
DA:18,2
DA:19,2
DA:20,2
DA:21,1
LF:21
LH:21
BRDA:3,0,0,6
BRDA:7,1,0,6
BRDA:8,2,0,5
BRDA:8,3,0,2
BRDA:9,4,0,4
BRDA:10,5,0,1
BRDA:12,6,0,3
BRDA:13,7,0,1
BRDA:15,8,0,2
BRF:9
BRH:9
end_of_record
